<?xml version="1.0" encoding="UTF-8"?>
<!-- Generated by org.testng.reporters.JUnitReportReporter -->
<testsuite hostname="DESKTOP-5E8N756" failures="0" tests="3" name="pack1.Day4" time="0.016" errors="0" timestamp="2021-11-04T14:29:19 IST" skipped="0">
  <testcase classname="pack1.Day4" name="loginAPICarLoan" time="0.004"/>
  <system-out/>
  <testcase classname="pack1.Day4" name="mobileLoginCarLoan" time="0.006"/>
  <system-out/>
  <testcase classname="pack1.Day4" name="webLoginCarLoan" time="0.006"/>
  <system-out/>
</testsuite> <!-- pack1.Day4 -->
