<?xml version="1.0" encoding="UTF-8"?>
<!-- Generated by org.testng.reporters.JUnitReportReporter -->
<testsuite hostname="DESKTOP-5E8N756" failures="0" tests="1" name="pack1.day1" time="0.019" errors="0" timestamp="2021-11-04T14:29:19 IST" skipped="0">
  <testcase classname="pack1.day1" name="demo" time="0.019"/>
  <system-out/>
</testsuite> <!-- pack1.day1 -->
