<?xml version="1.0" encoding="UTF-8"?>
<!-- Generated by org.testng.reporters.JUnitReportReporter -->
<testsuite hostname="DESKTOP-5E8N756" failures="0" tests="3" name="pack1.Day3" time="0.025" errors="0" timestamp="2021-11-04T14:29:19 IST" skipped="0">
  <testcase classname="pack1.Day3" name="webLoginHomeLaon" time="0.005"/>
  <system-out/>
  <testcase classname="pack1.Day3" name="loginAPIHomeLoan" time="0.010"/>
  <system-out/>
  <testcase classname="pack1.Day3" name="mobileLoginHomeLaon" time="0.010"/>
  <system-out/>
</testsuite> <!-- pack1.Day3 -->
