<?xml version="1.0" encoding="UTF-8"?>
<!-- Generated by org.testng.reporters.JUnitReportReporter -->
<testsuite hostname="DESKTOP-5E8N756" failures="0" tests="1" name="pack1.Day2" time="0.005" errors="0" timestamp="2021-11-04T14:29:19 IST" skipped="0">
  <testcase classname="pack1.Day2" name="paying" time="0.005"/>
  <system-out/>
</testsuite> <!-- pack1.Day2 -->
